2024/06/23 21:59:02.327628 main.go:358: [Info] Norduser daemon has started
2024/06/23 21:59:05.335635 notifications.go:51: [Info] Started dbus notifier
2024/06/23 23:09:03.039156 notification.go:503: notify: Signal channel closed, shutting down...
2024/06/23 23:15:25.501013 main.go:177: [Info] Received signal: terminated
2024/06/23 23:15:25.501239 fileshare.go:44: [Info] Stopping fileshare
2024/06/23 23:15:25.501773 fileshare.go:46: [Error] failed to stop fileshare on shutdown:  stopping process: rpc error: code = Unavailable desc = connection error: desc = "transport: Error while dialing: dial unix /tmp/fileshare.sock: connect: no such file or directory"
2024/06/23 23:15:26.001989 main.go:200: [Info] Norduser daemon has stopped
2024/06/24 12:57:45.807107 main.go:358: [Info] Norduser daemon has started
2024/06/24 12:57:48.808708 notifications.go:56: [Error] Failed to start dbus notifier: exec: "dbus-launch": executable file not found in $PATH
2024/06/24 23:05:17.226262 main.go:177: [Info] Received signal: terminated
2024/06/24 23:05:17.226567 fileshare.go:44: [Info] Stopping fileshare
2024/06/24 23:05:17.227080 fileshare.go:46: [Error] failed to stop fileshare on shutdown:  stopping process: rpc error: code = Unavailable desc = connection error: desc = "transport: Error while dialing: dial unix /tmp/fileshare.sock: connect: no such file or directory"
2024/06/24 23:05:17.728067 main.go:200: [Info] Norduser daemon has stopped
2024/06/27 22:25:50.457799 main.go:358: [Info] Norduser daemon has started
2024/06/27 22:25:53.460015 notifications.go:56: [Error] Failed to start dbus notifier: exec: "dbus-launch": executable file not found in $PATH
2024/06/27 23:48:02.531243 main.go:177: [Info] Received signal: terminated
2024/06/27 23:48:02.531499 fileshare.go:44: [Info] Stopping fileshare
2024/06/27 23:48:02.531960 fileshare.go:46: [Error] failed to stop fileshare on shutdown:  stopping process: rpc error: code = Unavailable desc = connection error: desc = "transport: Error while dialing: dial unix /tmp/fileshare.sock: connect: no such file or directory"
2024/06/27 23:48:03.032328 main.go:200: [Info] Norduser daemon has stopped
2024/07/22 11:03:26.851313 main.go:358: [Info] Norduser daemon has started
2024/07/22 11:03:29.854341 notifications.go:56: [Error] Failed to start dbus notifier: exec: "dbus-launch": executable file not found in $PATH
2024/07/22 13:42:15.030284 main.go:177: [Info] Received signal: terminated
2024/07/22 13:42:15.188854 fileshare.go:44: [Info] Stopping fileshare
2024/07/22 13:42:15.189708 fileshare.go:46: [Error] failed to stop fileshare on shutdown:  stopping process: rpc error: code = Unavailable desc = connection error: desc = "transport: Error while dialing: dial unix /tmp/fileshare.sock: connect: no such file or directory"
2024/07/22 13:42:15.693591 main.go:200: [Info] Norduser daemon has stopped
2024/07/22 15:41:14.357832 main.go:358: [Info] Norduser daemon has started
2024/07/22 15:41:17.359376 notifications.go:56: [Error] Failed to start dbus notifier: exec: "dbus-launch": executable file not found in $PATH
2024/07/28 07:12:52.142654 main.go:177: [Info] Received signal: terminated
2024/07/28 07:12:52.147556 fileshare.go:44: [Info] Stopping fileshare
2024/07/28 07:12:52.148197 fileshare.go:46: [Error] failed to stop fileshare on shutdown:  stopping process: rpc error: code = Unavailable desc = connection error: desc = "transport: Error while dialing: dial unix /tmp/fileshare.sock: connect: no such file or directory"
2024/07/28 07:12:52.648550 main.go:200: [Info] Norduser daemon has stopped
2024/09/14 19:28:11.984211 main.go:358: [Info] Norduser daemon has started
2024/09/14 19:28:15.426834 notifications.go:51: [Info] Started dbus notifier
